<?xml version="1.0" encoding="UTF-8"?>
<!-- Generated by org.testng.reporters.JUnitReportReporter -->
<testsuite hostname="94RV1G2" name="thong.dq.controller.AppControllerTest" tests="1" failures="0" timestamp="2 Mar 2020 11:38:39 GMT" time="0.029" errors="0">
  <testcase name="listUsers" time="0.029" classname="thong.dq.controller.AppControllerTest"/>
</testsuite> <!-- thong.dq.controller.AppControllerTest -->
